<?xml version="1.0" encoding="UTF-8"?>
<testsuite name="Operators" tests="1" skipped="0" failures="0" errors="0" timestamp="2020-12-04T13:31:09" hostname="DESKTOP-7655BVF" time="0.248">
  <properties/>
  <testcase name="mergeTest1" classname="Operators" time="0.248"/>
  <system-out><![CDATA[1
2
3
4
5
6
7
8
]]></system-out>
  <system-err><![CDATA[]]></system-err>
</testsuite>
